------------------------------------------------------------------------------------------------------------------------

[2017-02-09 17:01:02 #1 store] 
Database 'E:\PIII\MVCCW\target\Guestbook\WEB-INF\db\guests.odb' is opened by 14180@Mars

[2017-02-09 17:01:11 #2 type.registry] 
New type guest.Guest

[2017-02-09 17:08:35 #3 store] 
Database 'E:\PIII\MVCCW\target\Guestbook\WEB-INF\db\guests.odb' is closed by 14180@Mars

------------------------------------------------------------------------------------------------------------------------

[2017-02-09 17:08:42 #1 store] 
Database 'E:\PIII\MVCCW\target\Guestbook\WEB-INF\db\guests.odb' is opened by 14180@Mars

[2017-02-09 17:09:59 #2 store] 
Database 'E:\PIII\MVCCW\target\Guestbook\WEB-INF\db\guests.odb' is closed by 14180@Mars

------------------------------------------------------------------------------------------------------------------------

[2017-02-09 17:10:01 #1 store] 
Database 'E:\PIII\MVCCW\target\Guestbook\WEB-INF\db\guests.odb' is opened by 14180@Mars

[2017-02-09 17:11:29 #2 store] 
Database 'E:\PIII\MVCCW\target\Guestbook\WEB-INF\db\guests.odb' is closed by 14180@Mars

------------------------------------------------------------------------------------------------------------------------

[2017-02-09 17:11:30 #1 store] 
Database 'E:\PIII\MVCCW\target\Guestbook\WEB-INF\db\guests.odb' is opened by 14180@Mars

[2017-02-09 17:11:42 #2 store] 
Database 'E:\PIII\MVCCW\target\Guestbook\WEB-INF\db\guests.odb' is closed by 14180@Mars

------------------------------------------------------------------------------------------------------------------------

[2017-02-09 17:11:45 #1 store] 
Database 'E:\PIII\MVCCW\target\Guestbook\WEB-INF\db\guests.odb' is opened by 14180@Mars

[2017-02-09 17:12:54 #2 store] 
Database 'E:\PIII\MVCCW\target\Guestbook\WEB-INF\db\guests.odb' is closed by 14180@Mars

------------------------------------------------------------------------------------------------------------------------

[2017-02-09 17:12:57 #1 store] 
Database 'E:\PIII\MVCCW\target\Guestbook\WEB-INF\db\guests.odb' is opened by 14180@Mars

[2017-02-09 17:13:05 #2 store] 
Database 'E:\PIII\MVCCW\target\Guestbook\WEB-INF\db\guests.odb' is closed by 14180@Mars

------------------------------------------------------------------------------------------------------------------------

[2017-02-09 17:13:06 #1 store] 
Database 'E:\PIII\MVCCW\target\Guestbook\WEB-INF\db\guests.odb' is opened by 14180@Mars

[2017-02-09 17:14:57 #2 store] 
Database 'E:\PIII\MVCCW\target\Guestbook\WEB-INF\db\guests.odb' is closed by 14180@Mars

------------------------------------------------------------------------------------------------------------------------

[2017-02-09 17:15:00 #1 store] 
Database 'E:\PIII\MVCCW\target\Guestbook\WEB-INF\db\guests.odb' is opened by 14180@Mars

[2017-02-09 17:17:04 #2 store] 
Database 'E:\PIII\MVCCW\target\Guestbook\WEB-INF\db\guests.odb' is closed by 14180@Mars

------------------------------------------------------------------------------------------------------------------------

[2017-02-09 17:17:05 #1 store] 
Database 'E:\PIII\MVCCW\target\Guestbook\WEB-INF\db\guests.odb' is opened by 14180@Mars

[2017-02-09 17:17:18 #2 store] 
Database 'E:\PIII\MVCCW\target\Guestbook\WEB-INF\db\guests.odb' is closed by 14180@Mars

------------------------------------------------------------------------------------------------------------------------

[2017-02-09 17:17:20 #1 store] 
Database 'E:\PIII\MVCCW\target\Guestbook\WEB-INF\db\guests.odb' is opened by 14180@Mars

[2017-02-09 17:17:33 #2 store] 
Database 'E:\PIII\MVCCW\target\Guestbook\WEB-INF\db\guests.odb' is closed by 14180@Mars

------------------------------------------------------------------------------------------------------------------------

[2017-02-09 17:17:35 #1 store] 
Database 'E:\PIII\MVCCW\target\Guestbook\WEB-INF\db\guests.odb' is opened by 14180@Mars

[2017-02-09 17:19:34 #2 store] 
Database 'E:\PIII\MVCCW\target\Guestbook\WEB-INF\db\guests.odb' is closed by 14180@Mars

------------------------------------------------------------------------------------------------------------------------

[2017-02-09 17:19:35 #1 store] 
Database 'E:\PIII\MVCCW\target\Guestbook\WEB-INF\db\guests.odb' is opened by 14180@Mars

[2017-02-09 17:20:19 #2 store] 
Database 'E:\PIII\MVCCW\target\Guestbook\WEB-INF\db\guests.odb' is closed by 14180@Mars

------------------------------------------------------------------------------------------------------------------------

[2017-02-09 17:20:20 #1 store] 
Database 'E:\PIII\MVCCW\target\Guestbook\WEB-INF\db\guests.odb' is opened by 14180@Mars

[2017-02-09 17:20:36 #2 store] 
Database 'E:\PIII\MVCCW\target\Guestbook\WEB-INF\db\guests.odb' is closed by 14180@Mars

------------------------------------------------------------------------------------------------------------------------

[2017-02-09 17:20:37 #1 store] 
Database 'E:\PIII\MVCCW\target\Guestbook\WEB-INF\db\guests.odb' is opened by 14180@Mars

[2017-02-09 17:20:43 #2 store] 
Database 'E:\PIII\MVCCW\target\Guestbook\WEB-INF\db\guests.odb' is closed by 14180@Mars

------------------------------------------------------------------------------------------------------------------------

[2017-02-09 17:20:45 #1 store] 
Database 'E:\PIII\MVCCW\target\Guestbook\WEB-INF\db\guests.odb' is opened by 14180@Mars

[2017-02-09 17:24:17 #2 store] 
Database 'E:\PIII\MVCCW\target\Guestbook\WEB-INF\db\guests.odb' is closed by 14180@Mars

------------------------------------------------------------------------------------------------------------------------

[2017-02-09 17:24:20 #1 store] 
Database 'E:\PIII\MVCCW\target\Guestbook\WEB-INF\db\guests.odb' is opened by 14180@Mars

[2017-02-09 17:24:26 #2 store] 
Database 'E:\PIII\MVCCW\target\Guestbook\WEB-INF\db\guests.odb' is closed by 14180@Mars

------------------------------------------------------------------------------------------------------------------------

[2017-02-09 17:24:27 #1 store] 
Database 'E:\PIII\MVCCW\target\Guestbook\WEB-INF\db\guests.odb' is opened by 14180@Mars

[2017-02-09 17:24:27 #2 type.registry] 
New type java.time.Instant

[2017-02-09 17:25:25 #3 store] 
Database 'E:\PIII\MVCCW\target\Guestbook\WEB-INF\db\guests.odb' is closed by 14180@Mars

------------------------------------------------------------------------------------------------------------------------

[2017-02-09 17:25:27 #1 store] 
Database 'E:\PIII\MVCCW\target\Guestbook\WEB-INF\db\guests.odb' is opened by 14180@Mars

[2017-02-09 17:26:25 #2 store] 
Database 'E:\PIII\MVCCW\target\Guestbook\WEB-INF\db\guests.odb' is closed by 14180@Mars

------------------------------------------------------------------------------------------------------------------------

[2017-02-09 17:26:28 #1 store] 
Database 'E:\PIII\MVCCW\target\Guestbook\WEB-INF\db\guests.odb' is opened by 14180@Mars

[2017-02-09 17:32:03 #2 store] 
Database 'E:\PIII\MVCCW\target\Guestbook\WEB-INF\db\guests.odb' is closed by 14180@Mars

------------------------------------------------------------------------------------------------------------------------

[2017-02-09 17:32:06 #1 store] 
Database 'E:\PIII\MVCCW\target\Guestbook\WEB-INF\db\guests.odb' is opened by 14180@Mars

[2017-02-09 17:32:19 #2 store] 
Database 'E:\PIII\MVCCW\target\Guestbook\WEB-INF\db\guests.odb' is closed by 14180@Mars

------------------------------------------------------------------------------------------------------------------------

[2017-02-09 17:32:20 #1 store] 
Database 'E:\PIII\MVCCW\target\Guestbook\WEB-INF\db\guests.odb' is opened by 14180@Mars

[2017-02-09 17:37:28 #2 store] 
Database 'E:\PIII\MVCCW\target\Guestbook\WEB-INF\db\guests.odb' is closed by 14180@Mars

------------------------------------------------------------------------------------------------------------------------

[2017-02-09 17:37:30 #1 store] 
Database 'E:\PIII\MVCCW\target\Guestbook\WEB-INF\db\guests.odb' is opened by 14180@Mars

[2017-02-09 17:37:35 #2 store] 
Database 'E:\PIII\MVCCW\target\Guestbook\WEB-INF\db\guests.odb' is closed by 14180@Mars

------------------------------------------------------------------------------------------------------------------------

[2017-02-09 17:37:36 #1 store] 
Database 'E:\PIII\MVCCW\target\Guestbook\WEB-INF\db\guests.odb' is opened by 14180@Mars

[2017-02-09 17:40:25 #2 store] 
Database 'E:\PIII\MVCCW\target\Guestbook\WEB-INF\db\guests.odb' is closed by 14180@Mars

------------------------------------------------------------------------------------------------------------------------

[2017-02-09 17:40:26 #1 store] 
Database 'E:\PIII\MVCCW\target\Guestbook\WEB-INF\db\guests.odb' is opened by 14180@Mars

[2017-02-09 17:42:43 #2 store] 
Database 'E:\PIII\MVCCW\target\Guestbook\WEB-INF\db\guests.odb' is closed by 14180@Mars

------------------------------------------------------------------------------------------------------------------------

[2017-02-09 17:42:44 #1 store] 
Database 'E:\PIII\MVCCW\target\Guestbook\WEB-INF\db\guests.odb' is opened by 14180@Mars

[2017-02-09 17:42:50 #2 store] 
Database 'E:\PIII\MVCCW\target\Guestbook\WEB-INF\db\guests.odb' is closed by 14180@Mars

------------------------------------------------------------------------------------------------------------------------

[2017-02-09 17:42:53 #1 store] 
Database 'E:\PIII\MVCCW\target\Guestbook\WEB-INF\db\guests.odb' is opened by 14180@Mars

[2017-02-09 17:44:11 #2 store] 
Database 'E:\PIII\MVCCW\target\Guestbook\WEB-INF\db\guests.odb' is closed by 14180@Mars

------------------------------------------------------------------------------------------------------------------------

[2017-02-09 17:44:14 #1 store] 
Database 'E:\PIII\MVCCW\target\Guestbook\WEB-INF\db\guests.odb' is opened by 14180@Mars

[2017-02-09 17:45:05 #2 store] 
Database 'E:\PIII\MVCCW\target\Guestbook\WEB-INF\db\guests.odb' is closed by 14180@Mars

------------------------------------------------------------------------------------------------------------------------

[2017-02-09 17:45:08 #1 store] 
Database 'E:\PIII\MVCCW\target\Guestbook\WEB-INF\db\guests.odb' is opened by 14180@Mars

[2017-02-09 17:46:48 #2 store] 
Database 'E:\PIII\MVCCW\target\Guestbook\WEB-INF\db\guests.odb' is closed by 14180@Mars

------------------------------------------------------------------------------------------------------------------------

[2017-02-09 17:46:50 #1 store] 
Database 'E:\PIII\MVCCW\target\Guestbook\WEB-INF\db\guests.odb' is opened by 14180@Mars

[2017-02-09 17:49:24 #2 store] 
Database 'E:\PIII\MVCCW\target\Guestbook\WEB-INF\db\guests.odb' is closed by 14180@Mars

------------------------------------------------------------------------------------------------------------------------

[2017-02-09 17:53:49 #1 store] 
Database 'E:\PIII\MVCCW\target\Guestbook\WEB-INF\db\guests.odb' is opened by 11540@Mars

[2017-02-09 20:09:05 #2 store] 
Database 'E:\PIII\MVCCW\target\Guestbook\WEB-INF\db\guests.odb' is closed by 11540@Mars

